<?xml version="1.0" encoding="UTF-8"?>
<testsuite xmlns:xsi="http://www.w3.org/2001/XMLSchema-instance" xsi:noNamespaceSchemaLocation="https://maven.apache.org/surefire/maven-failsafe-plugin/xsd/failsafe-test-report-3.0.xsd" version="3.0" name="starter.CucumberTestSuite" time="58.072" tests="1" errors="0" skipped="0" failures="0">
  <properties>
[...]
</properties>
  <testcase name="Searching for a term" classname="Search by keyword" time="56.767">
    <system-out><![CDATA[14:22:20.087 [main] INFO  i.c.core.plugin.SerenityReporter - Running feature from file:///home/pranav/interestapp/serenity-cucumber-starter/src/test/resources/features/search/login.feature
14:22:20.273 [main] INFO   - 

-------------------------------------------------------------------------------------
     _______. _______ .______       _______ .__   __.  __  .___________.____    ____ 
    /       ||   ____||   _  \     |   ____||  \ |  | |  | |           |\   \  /   / 
   |   (----`|  |__   |  |_)  |    |  |__   |   \|  | |  | `---|  |----` \   \/   /  
    \   \    |   __|  |      /     |   __|  |  . `  | |  |     |  |       \_    _/   
.----)   |   |  |____ |  |\  \----.|  |____ |  |\   | |  |     |  |         |  |     
|_______/    |_______|| _| `._____||_______||__| \__| |__|     |__|         |__|    
                                                                                     
 News and tutorials at http://www.serenity-bdd.info                                  
 Documentation at https://wakaleo.gitbooks.io/the-serenity-book/content/             
 Join the Serenity Community on Gitter: https://gitter.im/serenity-bdd/serenity-core 
 Serenity BDD Support and Training at http://serenity-bdd.info/#/trainingandsupport  
-------------------------------------------------------------------------------------

14:22:20.276 [main] INFO   - Test Suite Started: login by keyword
14:22:20.291 [main] INFO  i.c.core.plugin.SerenityReporter - Running feature from file:///home/pranav/interestapp/serenity-cucumber-starter/src/test/resources/features/search/search_by_keyword.feature
14:22:20.299 [main] INFO   - Test Suite Started: Search by keyword

Scenario: Searching for a term                       &amp#27;[90m# src/test/resources/features/search/search_by_keyword.feature:3&amp#27;[0m
14:22:20.581 [main] INFO  i.c.core.plugin.SerenityReporter - Running feature from file:///home/pranav/interestapp/serenity-cucumber-starter/src/test/resources/features/search/search_by_keyword.feature
14:22:20.794 [main] INFO   - 
  _____   ___   ___   _____     ___   _____     _     ___   _____   ___   ___  
 |_   _| | __| / __| |_   _|   / __| |_   _|   /_\   | _ \ |_   _| | __| |   \ 
   | |   | _|  \__ \   | |     \__ \   | |    / _ \  |   /   | |   | _|  | |) |
   |_|   |___| |___/   |_|     |___/   |_|   /_/ \_\ |_|_\   |_|   |___| |___/ 

Searching for a term(search-by-keyword;searching-for-a-term)
--------------------------------------------------------------------------------
14:22:20.794 [main] INFO  n.thucydides.core.model.TestOutcome - SetUserStory Search by keyword
14:22:20.805 [main] INFO  n.thucydides.core.model.TestOutcome - SetUserStory Search by keyword
14:22:21.724 [main] INFO  n.s.c.w.d.ChromeDriverProvider - Using automatically driver download
14:22:22.209 [main] INFO  i.g.bonigarcia.wdm.WebDriverManager - Using chromedriver 93.0.4577.63 (resolved driver for Chrome 93)
14:22:22.216 [main] INFO  i.g.bonigarcia.wdm.WebDriverManager - Exporting webdriver.chrome.driver as /home/pranav/.cache/selenium/chromedriver/linux64/93.0.4577.63/chromedriver
14:22:22.912 [main] INFO  n.s.c.w.d.ProvideNewDriver - Instantiating driver
14:22:22.915 [main] INFO  n.s.c.w.d.ProvideNewDriver - Driver capabilities: Capabilities {acceptInsecureCerts: false, autodownload: true, base.url: , browserName: chrome, driver: chrome, goog:chromeOptions: {args: [--start-maximized, --test-type, --no-sandbox, --ignore-certificate-errors, \n                   --disa..., --disable-default-apps, --disable-extensions-file-a..., \n                   --inco..., --disable-infobars,--disabl..., --headless], extensions: []}, loggingPrefs: org.openqa.selenium.logging...}
  &amp#27;[32mGiven &amp#27;[0m&amp#27;[32m&amp#27;[0m&amp#27;[32m&amp#27;[1mSergey&amp#27;[0m&amp#27;[32m is researching things on the internet&amp#27;[0m &amp#27;[90m# starter.stepdefinitions.SearchStepDefinitions.researchingThings(net.serenitybdd.screenplay.Actor)&amp#27;[0m
  &amp#27;[32mWhen &amp#27;[0m&amp#27;[32m&amp#27;[0m&amp#27;[32m&amp#27;[1mhe&amp#27;[0m&amp#27;[32m looks up &amp#27;[0m&amp#27;[32m&amp#27;[1m"Cucumber"&amp#27;[0m                        &amp#27;[90m# starter.stepdefinitions.SearchStepDefinitions.searchesFor(net.serenitybdd.screenplay.Actor,java.lang.String)&amp#27;[0m
  &amp#27;[32mThen &amp#27;[0m&amp#27;[32m&amp#27;[0m&amp#27;[32m&amp#27;[1mhe&amp#27;[0m&amp#27;[32m should see information about &amp#27;[0m&amp#27;[32m&amp#27;[1m"Cucumber"&amp#27;[0m    &amp#27;[90m# starter.stepdefinitions.SearchStepDefinitions.should_see_information_about(net.serenitybdd.screenplay.Actor,java.lang.String)&amp#27;[0m
14:23:16.895 [main] INFO   - 
  _____   ___   ___   _____     ___     _     ___   ___   ___   ___  
 |_   _| | __| / __| |_   _|   | _ \   /_\   / __| / __| | __| |   \ 
   | |   | _|  \__ \   | |     |  _/  / _ \  \__ \ \__ \ | _|  | |) |
   |_|   |___| |___/   |_|     |_|   /_/ \_\ |___/ |___/ |___| |___/ 

Searching for a term
----------------------------------------------------------------------
]]></system-out>
    <system-err><![CDATA[Starting ChromeDriver 93.0.4577.63 (ff5c0da2ec0adeaed5550e6c7e98417dac77d98a-refs/branch-heads/4577@{#1135}) on port 1584
Only local connections are allowed.
Please see https://chromedriver.chromium.org/security-considerations for suggestions on keeping ChromeDriver safe.
ChromeDriver was started successfully.
Oct 27, 2021 2:23:04 PM org.openqa.selenium.remote.ProtocolHandshake createSession
INFO: Detected dialect: W3C
]]></system-err>
  </testcase>
</testsuite>